d:\addtempnoise\sourcecode\imagealgorithm\imagealgorithmn\imagealgorithmn\x64\release\vc141.pdb
d:\addtempnoise\sourcecode\imagealgorithm\imagealgorithmn\imagealgorithmn\x64\release\hsc02_image_algorithm.obj
d:\addfunction\sourcecode\imagealgorithm\imagealgorithmn\imagealgorithmn\x64\release\vc141.pdb
d:\addfunction\sourcecode\imagealgorithm\imagealgorithmn\imagealgorithmn\x64\release\hsc02_image_algorithm.obj
d:\addtempnoise\sourcecode\imagealgorithm\imagealgorithmn\x64\release\hsc02_image_algorithm.lib
d:\addtempnoise\sourcecode\imagealgorithm\imagealgorithmn\x64\release\hsc02_image_algorithm.exp
d:\addtempnoise\sourcecode\imagealgorithm\imagealgorithmn\x64\release\hsc02_image_algorithm.ipdb
d:\addtempnoise\sourcecode\imagealgorithm\imagealgorithmn\x64\release\hsc02_image_algorithm.iobj
d:\addfunction\sourcecode\imagealgorithm\imagealgorithmn\x64\release\hsc02_image_algorithm.lib
d:\addfunction\sourcecode\imagealgorithm\imagealgorithmn\x64\release\hsc02_image_algorithm.exp
d:\addfunction\sourcecode\imagealgorithm\imagealgorithmn\x64\release\hsc02_image_algorithm.ipdb
d:\addfunction\sourcecode\imagealgorithm\imagealgorithmn\x64\release\hsc02_image_algorithm.iobj
d:\addtempnoise\sourcecode\imagealgorithm\imagealgorithmn\x64\release\hsc02_image_algorithm.dll
d:\addtempnoise\sourcecode\imagealgorithm\imagealgorithmn\x64\release\hsc02_image_algorithm.pdb
d:\addfunction\sourcecode\imagealgorithm\imagealgorithmn\x64\release\hsc02_image_algorithm.dll
d:\addfunction\sourcecode\imagealgorithm\imagealgorithmn\x64\release\hsc02_image_algorithm.pdb
d:\addfunction\sourcecode\imagealgorithm\imagealgorithmn\imagealgorithmn\x64\release\hsc02_im.4124b39b.tlog\cl.command.1.tlog
d:\addfunction\sourcecode\imagealgorithm\imagealgorithmn\imagealgorithmn\x64\release\hsc02_im.4124b39b.tlog\cl.read.1.tlog
d:\addfunction\sourcecode\imagealgorithm\imagealgorithmn\imagealgorithmn\x64\release\hsc02_im.4124b39b.tlog\cl.write.1.tlog
d:\addfunction\sourcecode\imagealgorithm\imagealgorithmn\imagealgorithmn\x64\release\hsc02_im.4124b39b.tlog\hsc02_image_algorithm.write.1u.tlog
d:\addfunction\sourcecode\imagealgorithm\imagealgorithmn\imagealgorithmn\x64\release\hsc02_im.4124b39b.tlog\link.command.1.tlog
d:\addfunction\sourcecode\imagealgorithm\imagealgorithmn\imagealgorithmn\x64\release\hsc02_im.4124b39b.tlog\link.delete.1.tlog
d:\addfunction\sourcecode\imagealgorithm\imagealgorithmn\imagealgorithmn\x64\release\hsc02_im.4124b39b.tlog\link.read.1.tlog
d:\addfunction\sourcecode\imagealgorithm\imagealgorithmn\imagealgorithmn\x64\release\hsc02_im.4124b39b.tlog\link.write.1.tlog
