d:\addfunction\sourcecode\hsc02a20230425\hsc02a\hsc02a\x64\release\hsc02a.pch
d:\addfunction\sourcecode\hsc02a20230425\hsc02a\hsc02a\x64\release\vc141.pdb
d:\addfunction\sourcecode\hsc02a20230425\hsc02a\hsc02a\x64\release\stdafx.obj
d:\addfunction\sourcecode\hsc02a20230425\hsc02a\hsc02a\x64\release\ledctr.obj
d:\addfunction\sourcecode\hsc02a20230425\hsc02a\hsc02a\x64\release\ledcal.obj
d:\addfunction\sourcecode\hsc02a20230425\hsc02a\hsc02a\x64\release\hsc02a.obj
d:\addfunction\sourcecode\hsc02a20230425\hsc02a\hsc02a\x64\release\dllmain.obj
d:\addfunction\sourcecode\hsc02a20230425\hsc02a\x64\release\hsc02a.lib
d:\addfunction\sourcecode\hsc02a20230425\hsc02a\x64\release\hsc02a.exp
d:\addfunction\sourcecode\hsc02a20230425\hsc02a\x64\release\hsc02a.ipdb
d:\addfunction\sourcecode\hsc02a20230425\hsc02a\x64\release\hsc02a.iobj
d:\addfunction\sourcecode\hsc02a20230425\hsc02a\x64\release\hsc02a.dll
d:\addfunction\sourcecode\hsc02a20230425\hsc02a\x64\release\hsc02a.pdb
d:\addfunction\sourcecode\hsc02a20230425\hsc02a\hsc02a\x64\release\hsc02a.res
d:\addfunction\sourcecode\hsc02a20230425\hsc02a\hsc02a\x64\release\hsc02a.tlog\cl.command.1.tlog
d:\addfunction\sourcecode\hsc02a20230425\hsc02a\hsc02a\x64\release\hsc02a.tlog\cl.read.1.tlog
d:\addfunction\sourcecode\hsc02a20230425\hsc02a\hsc02a\x64\release\hsc02a.tlog\cl.write.1.tlog
d:\addfunction\sourcecode\hsc02a20230425\hsc02a\hsc02a\x64\release\hsc02a.tlog\hsc02a.write.1u.tlog
d:\addfunction\sourcecode\hsc02a20230425\hsc02a\hsc02a\x64\release\hsc02a.tlog\link.command.1.tlog
d:\addfunction\sourcecode\hsc02a20230425\hsc02a\hsc02a\x64\release\hsc02a.tlog\link.read.1.tlog
d:\addfunction\sourcecode\hsc02a20230425\hsc02a\hsc02a\x64\release\hsc02a.tlog\link.write.1.tlog
d:\addfunction\sourcecode\hsc02a20230425\hsc02a\hsc02a\x64\release\hsc02a.tlog\rc.command.1.tlog
d:\addfunction\sourcecode\hsc02a20230425\hsc02a\hsc02a\x64\release\hsc02a.tlog\rc.read.1.tlog
d:\addfunction\sourcecode\hsc02a20230425\hsc02a\hsc02a\x64\release\hsc02a.tlog\rc.write.1.tlog
