d:\addfunction\sourcecode\algorithmforhsc02a20230424\x64\release\algorithmforhsc02a.lib
d:\addfunction\sourcecode\algorithmforhsc02a20230424\x64\release\algorithmforhsc02a.exp
d:\addfunction\sourcecode\algorithmforhsc02a20230424\x64\release\algorithmforhsc02a.ipdb
d:\addfunction\sourcecode\algorithmforhsc02a20230424\x64\release\algorithmforhsc02a.iobj
d:\addfunction\sourcecode\algorithmforhsc02a20230424\algorithmforhsc02a\x64\release\algorithmforhsc02a.pch
d:\addfunction\sourcecode\algorithmforhsc02a20230424\algorithmforhsc02a\x64\release\vc141.pdb
d:\addfunction\sourcecode\algorithmforhsc02a20230424\algorithmforhsc02a\x64\release\stdafx.obj
d:\addfunction\sourcecode\algorithmforhsc02a20230424\algorithmforhsc02a\x64\release\dllmain.obj
d:\addfunction\sourcecode\algorithmforhsc02a20230424\algorithmforhsc02a\x64\release\algorithmforhsc02a.obj
d:\addfunction\sourcecode\algorithmforhsc02a20230424\x64\release\algorithmforhsc02a.dll
d:\addfunction\sourcecode\algorithmforhsc02a20230424\x64\release\algorithmforhsc02a.pdb
d:\hsc02a_light_roi\sourcecode\algorithmforhsc02a20230424\algorithmforhsc02a\x64\release\algorithmforhsc02a.obj
d:\hsc02a_light_roi\sourcecode\algorithmforhsc02a20230424\algorithmforhsc02a\x64\release\dllmain.obj
d:\hsc02a_light_roi\sourcecode\algorithmforhsc02a20230424\algorithmforhsc02a\x64\release\stdafx.obj
d:\hsc02a_light_roi\sourcecode\algorithmforhsc02a20230424\algorithmforhsc02a\x64\release\algorithmforhsc02a.pch
d:\hsc02a_light_roi\sourcecode\algorithmforhsc02a20230424\algorithmforhsc02a\x64\release\vc141.pdb
d:\hsc02a_light_roi\sourcecode\algorithmforhsc02a20230424\x64\release\algorithmforhsc02a.pdb
d:\hsc02a_light_roi\sourcecode\algorithmforhsc02a20230424\x64\release\algorithmforhsc02a.dll
d:\hsc02a_light_roi\sourcecode\algorithmforhsc02a20230424\algorithmforhsc02a\x64\release\algorith.2e65d441.tlog\algorithmforhsc02a.write.1u.tlog
d:\hsc02a_light_roi\sourcecode\algorithmforhsc02a20230424\algorithmforhsc02a\x64\release\algorith.2e65d441.tlog\cl.command.1.tlog
d:\hsc02a_light_roi\sourcecode\algorithmforhsc02a20230424\algorithmforhsc02a\x64\release\algorith.2e65d441.tlog\cl.read.1.tlog
d:\hsc02a_light_roi\sourcecode\algorithmforhsc02a20230424\algorithmforhsc02a\x64\release\algorith.2e65d441.tlog\cl.write.1.tlog
d:\hsc02a_light_roi\sourcecode\algorithmforhsc02a20230424\algorithmforhsc02a\x64\release\algorith.2e65d441.tlog\link.command.1.tlog
d:\hsc02a_light_roi\sourcecode\algorithmforhsc02a20230424\algorithmforhsc02a\x64\release\algorith.2e65d441.tlog\link.read.1.tlog
d:\hsc02a_light_roi\sourcecode\algorithmforhsc02a20230424\algorithmforhsc02a\x64\release\algorith.2e65d441.tlog\link.write.1.tlog
